Notice: Output directory `/sandbox/832146/doxygen-iavf-3.9.5' does not exist. I have created it for you.
Searching for include files...
Searching for example files...
Searching for images...
Searching for dot files...
Searching for msc files...
Searching for dia files...
Searching for files to exclude
Searching for files to process...
Searching for files in directory /sandbox/832146/iavf-3.9.5/src
Reading and parsing tag files
Parsing files
Preprocessing /sandbox/832146/iavf-3.9.5/src/iavf.h...
Parsing file /sandbox/832146/iavf-3.9.5/src/iavf.h...
Preprocessing /sandbox/832146/iavf-3.9.5/src/iavf_adminq.c...
Parsing file /sandbox/832146/iavf-3.9.5/src/iavf_adminq.c...
Preprocessing /sandbox/832146/iavf-3.9.5/src/iavf_adminq.h...
Parsing file /sandbox/832146/iavf-3.9.5/src/iavf_adminq.h...
Preprocessing /sandbox/832146/iavf-3.9.5/src/iavf_adminq_cmd.h...
Parsing file /sandbox/832146/iavf-3.9.5/src/iavf_adminq_cmd.h...
Preprocessing /sandbox/832146/iavf-3.9.5/src/iavf_alloc.h...
Parsing file /sandbox/832146/iavf-3.9.5/src/iavf_alloc.h...
Preprocessing /sandbox/832146/iavf-3.9.5/src/iavf_client.c...
Parsing file /sandbox/832146/iavf-3.9.5/src/iavf_client.c...
Preprocessing /sandbox/832146/iavf-3.9.5/src/iavf_client.h...
Parsing file /sandbox/832146/iavf-3.9.5/src/iavf_client.h...
Preprocessing /sandbox/832146/iavf-3.9.5/src/iavf_common.c...
Parsing file /sandbox/832146/iavf-3.9.5/src/iavf_common.c...
Preprocessing /sandbox/832146/iavf-3.9.5/src/iavf_devids.h...
Parsing file /sandbox/832146/iavf-3.9.5/src/iavf_devids.h...
Preprocessing /sandbox/832146/iavf-3.9.5/src/iavf_ethtool.c...
Parsing file /sandbox/832146/iavf-3.9.5/src/iavf_ethtool.c...
Preprocessing /sandbox/832146/iavf-3.9.5/src/iavf_ethtool_stats.h...
Parsing file /sandbox/832146/iavf-3.9.5/src/iavf_ethtool_stats.h...
Preprocessing /sandbox/832146/iavf-3.9.5/src/iavf_helper.h...
Parsing file /sandbox/832146/iavf-3.9.5/src/iavf_helper.h...
Preprocessing /sandbox/832146/iavf-3.9.5/src/iavf_main.c...
Parsing file /sandbox/832146/iavf-3.9.5/src/iavf_main.c...
Preprocessing /sandbox/832146/iavf-3.9.5/src/iavf_osdep.h...
Parsing file /sandbox/832146/iavf-3.9.5/src/iavf_osdep.h...
Preprocessing /sandbox/832146/iavf-3.9.5/src/iavf_prototype.h...
Parsing file /sandbox/832146/iavf-3.9.5/src/iavf_prototype.h...
Preprocessing /sandbox/832146/iavf-3.9.5/src/iavf_register.h...
Parsing file /sandbox/832146/iavf-3.9.5/src/iavf_register.h...
Preprocessing /sandbox/832146/iavf-3.9.5/src/iavf_status.h...
Parsing file /sandbox/832146/iavf-3.9.5/src/iavf_status.h...
Preprocessing /sandbox/832146/iavf-3.9.5/src/iavf_trace.h...
Parsing file /sandbox/832146/iavf-3.9.5/src/iavf_trace.h...
Preprocessing /sandbox/832146/iavf-3.9.5/src/iavf_txrx.c...
Parsing file /sandbox/832146/iavf-3.9.5/src/iavf_txrx.c...
Preprocessing /sandbox/832146/iavf-3.9.5/src/iavf_txrx.h...
Parsing file /sandbox/832146/iavf-3.9.5/src/iavf_txrx.h...
Preprocessing /sandbox/832146/iavf-3.9.5/src/iavf_type.h...
Parsing file /sandbox/832146/iavf-3.9.5/src/iavf_type.h...
Preprocessing /sandbox/832146/iavf-3.9.5/src/iavf_virtchnl.c...
Parsing file /sandbox/832146/iavf-3.9.5/src/iavf_virtchnl.c...
Preprocessing /sandbox/832146/iavf-3.9.5/src/kcompat.c...
Parsing file /sandbox/832146/iavf-3.9.5/src/kcompat.c...
Preprocessing /sandbox/832146/iavf-3.9.5/src/kcompat.h...
Parsing file /sandbox/832146/iavf-3.9.5/src/kcompat.h...
Preprocessing /sandbox/832146/iavf-3.9.5/src/kcompat_overflow.h...
Parsing file /sandbox/832146/iavf-3.9.5/src/kcompat_overflow.h...
Preprocessing /sandbox/832146/iavf-3.9.5/src/kcompat_vfd.c...
Parsing file /sandbox/832146/iavf-3.9.5/src/kcompat_vfd.c...
Preprocessing /sandbox/832146/iavf-3.9.5/src/kcompat_vfd.h...
Parsing file /sandbox/832146/iavf-3.9.5/src/kcompat_vfd.h...
Preprocessing /sandbox/832146/iavf-3.9.5/src/virtchnl.h...
Parsing file /sandbox/832146/iavf-3.9.5/src/virtchnl.h...
Preprocessing /sandbox/832146/iavf-3.9.5/src/virtchnl_inline_ipsec.h...
Parsing file /sandbox/832146/iavf-3.9.5/src/virtchnl_inline_ipsec.h...
Building group list...
Building directory list...
Building namespace list...
Building file list...
Building class list...
Associating documentation with classes...
Computing nesting relations for classes...
Building example list...
Searching for enumerations...
Searching for documented typedefs...
Searching for members imported via using declarations...
Searching for included using directives...
Searching for documented variables...
Building interface member list...
Building member list...
Searching for friends...
Searching for documented defines...
Computing class inheritance relations...
Computing class usage relations...
Flushing cached template relations that have become invalid...
Creating members for template instances...
Computing class relations...
Add enum values to enums...
Searching for member function documentation...
Building page list...
Search for main page...
Computing page relations...
Determining the scope of groups...
Sorting lists...
Freeing entry tree
Determining which enums are documented
Computing member relations...
Building full member lists recursively...
Adding members to member groups.
Computing member references...
Inheriting documentation...
Generating disk names...
Adding source references...
Adding xrefitems...
Sorting member lists...
Computing dependencies between directories...
Generating citations page...
Counting data structures...
Resolving user defined references...
Finding anchors and sections in the documentation...
Transferring function references...
Combining using relations...
Adding members to index pages...
Generating style sheet...
Generating search indices...
Generating example documentation...
Generating file sources...
Generating code for file iavf.h...
Generating code for file iavf_adminq.c...
Generating code for file iavf_adminq.h...
Generating code for file iavf_adminq_cmd.h...
Generating code for file iavf_alloc.h...
Generating code for file iavf_client.c...
Generating code for file iavf_client.h...
Generating code for file iavf_common.c...
Generating code for file iavf_devids.h...
Generating code for file iavf_ethtool.c...
Generating code for file iavf_ethtool_stats.h...
Generating code for file iavf_helper.h...
Generating code for file iavf_main.c...
Generating code for file iavf_osdep.h...
Generating code for file iavf_prototype.h...
Generating code for file iavf_register.h...
Generating code for file iavf_status.h...
Generating code for file iavf_trace.h...
Generating code for file iavf_txrx.c...
Generating code for file iavf_txrx.h...
Generating code for file iavf_type.h...
Generating code for file iavf_virtchnl.c...
Generating code for file kcompat.c...
Generating code for file kcompat.h...
Generating code for file kcompat_overflow.h...
Generating code for file kcompat_vfd.c...
Generating code for file kcompat_vfd.h...
Generating code for file virtchnl.h...
Generating code for file virtchnl_inline_ipsec.h...
Generating file documentation...
Generating docs for file iavf.h...
Generating call graph for function iavf_add_cloud_filter
Generating caller graph for function iavf_add_cloud_filter
Generating call graph for function iavf_add_ether_addrs
Generating caller graph for function iavf_add_ether_addrs
Generating call graph for function iavf_add_vlans
Generating caller graph for function iavf_add_vlans
Generating caller graph for function iavf_change_state
Generating call graph for function iavf_client_subtask
Generating caller graph for function iavf_client_subtask
Generating call graph for function iavf_config_rss
Generating caller graph for function iavf_config_rss
Generating call graph for function iavf_configure_queues
Generating caller graph for function iavf_configure_queues
Generating call graph for function iavf_del_cloud_filter
Generating caller graph for function iavf_del_cloud_filter
Generating call graph for function iavf_del_ether_addrs
Generating caller graph for function iavf_del_ether_addrs
Generating call graph for function iavf_del_vlans
Generating caller graph for function iavf_del_vlans
Generating call graph for function iavf_disable_channels
Generating caller graph for function iavf_disable_channels
Generating call graph for function iavf_disable_queues
Generating caller graph for function iavf_disable_queues
Generating call graph for function iavf_disable_vlan_stripping
Generating caller graph for function iavf_disable_vlan_stripping
Generating call graph for function iavf_down
Generating caller graph for function iavf_down
Generating call graph for function iavf_enable_channels
Generating caller graph for function iavf_enable_channels
Generating call graph for function iavf_enable_queues
Generating caller graph for function iavf_enable_queues
Generating call graph for function iavf_enable_vlan_stripping
Generating caller graph for function iavf_enable_vlan_stripping
Generating call graph for function iavf_free_all_rx_resources
Generating caller graph for function iavf_free_all_rx_resources
Generating call graph for function iavf_free_all_tx_resources
Generating caller graph for function iavf_free_all_tx_resources
Generating call graph for function iavf_get_hena
Generating caller graph for function iavf_get_hena
Generating call graph for function iavf_get_vf_config
Generating caller graph for function iavf_get_vf_config
Generating call graph for function iavf_init_interrupt_scheme
Generating caller graph for function iavf_init_interrupt_scheme
Generating call graph for function iavf_irq_enable
Generating caller graph for function iavf_irq_enable
Generating caller graph for function iavf_irq_enable_queues
Generating caller graph for function iavf_is_reset
Generating caller graph for function iavf_lan_add_device
Generating caller graph for function iavf_lan_del_device
Generating call graph for function iavf_map_queues
Generating caller graph for function iavf_map_queues
Generating call graph for function iavf_notify_client_close
Generating caller graph for function iavf_notify_client_close
Generating call graph for function iavf_notify_client_l2_params
Generating caller graph for function iavf_notify_client_l2_params
Generating caller graph for function iavf_notify_client_message
Generating caller graph for function iavf_notify_client_open
Generating call graph for function iavf_process_config
Generating caller graph for function iavf_process_config
Generating call graph for function iavf_request_queues
Generating call graph for function iavf_request_reset
Generating caller graph for function iavf_request_reset
Generating call graph for function iavf_request_stats
Generating caller graph for function iavf_request_stats
Generating caller graph for function iavf_reset_interrupt_capability
Generating caller graph for function iavf_schedule_reset
Generating call graph for function iavf_send_api_ver
Generating caller graph for function iavf_send_api_ver
Generating call graph for function iavf_send_vf_config_msg
Generating caller graph for function iavf_send_vf_config_msg
Generating caller graph for function iavf_set_ethtool_ops
Generating call graph for function iavf_set_hena
Generating caller graph for function iavf_set_hena
Generating call graph for function iavf_set_promiscuous
Generating caller graph for function iavf_set_promiscuous
Generating call graph for function iavf_set_rss_key
Generating caller graph for function iavf_set_rss_key
Generating call graph for function iavf_set_rss_lut
Generating caller graph for function iavf_set_rss_lut
Generating call graph for function iavf_verify_api_ver
Generating caller graph for function iavf_verify_api_ver
Generating call graph for function iavf_virtchnl_completion
Generating caller graph for function iavf_virtchnl_completion
Generating docs for file iavf_adminq.c...
Generating caller graph for function iavf_adminq_init_regs
Generating call graph for function iavf_alloc_adminq_arq_ring
Generating caller graph for function iavf_alloc_adminq_arq_ring
Generating call graph for function iavf_alloc_adminq_asq_ring
Generating caller graph for function iavf_alloc_adminq_asq_ring
Generating call graph for function iavf_alloc_arq_bufs
Generating caller graph for function iavf_alloc_arq_bufs
Generating call graph for function iavf_alloc_asq_bufs
Generating caller graph for function iavf_alloc_asq_bufs
Generating caller graph for function iavf_asq_done
Generating call graph for function iavf_asq_send_command
Generating caller graph for function iavf_asq_send_command
Generating call graph for function iavf_clean_arq_element
Generating caller graph for function iavf_clean_arq_element
Generating caller graph for function iavf_clean_asq
Generating caller graph for function iavf_config_arq_regs
Generating caller graph for function iavf_config_asq_regs
Generating caller graph for function iavf_fill_default_direct_cmd_desc
Generating call graph for function iavf_free_adminq_arq
Generating caller graph for function iavf_free_adminq_arq
Generating call graph for function iavf_free_adminq_asq
Generating caller graph for function iavf_free_adminq_asq
Generating call graph for function iavf_free_arq_bufs
Generating caller graph for function iavf_free_arq_bufs
Generating call graph for function iavf_free_asq_bufs
Generating caller graph for function iavf_free_asq_bufs
Generating call graph for function iavf_init_adminq
Generating caller graph for function iavf_init_adminq
Generating call graph for function iavf_init_arq
Generating caller graph for function iavf_init_arq
Generating call graph for function iavf_init_asq
Generating caller graph for function iavf_init_asq
Generating call graph for function iavf_shutdown_adminq
Generating caller graph for function iavf_shutdown_adminq
Generating call graph for function iavf_shutdown_arq
Generating caller graph for function iavf_shutdown_arq
Generating call graph for function iavf_shutdown_asq
Generating caller graph for function iavf_shutdown_asq
Generating docs for file iavf_adminq.h...
Generating caller graph for function iavf_fill_default_direct_cmd_desc
Generating docs for file iavf_adminq_cmd.h...
Generating docs for file iavf_alloc.h...
Generating caller graph for function iavf_allocate_dma_mem
Generating caller graph for function iavf_allocate_virt_mem
Generating caller graph for function iavf_free_dma_mem
Generating caller graph for function iavf_free_virt_mem
Generating docs for file iavf_client.c...
Generating call graph for function iavf_client_add_instance
Generating caller graph for function iavf_client_add_instance
Generating caller graph for function iavf_client_del_instance
Generating caller graph for function iavf_client_get_params
Generating call graph for function iavf_client_prepare
Generating caller graph for function iavf_client_prepare
Generating call graph for function iavf_client_release
Generating caller graph for function iavf_client_release
Generating call graph for function iavf_client_release_qvlist
Generating caller graph for function iavf_client_release_qvlist
Generating call graph for function iavf_client_setup_qvlist
Generating call graph for function iavf_client_subtask
Generating caller graph for function iavf_client_subtask
Generating call graph for function iavf_client_virtchnl_send
Generating caller graph for function iavf_lan_add_device
Generating caller graph for function iavf_lan_del_device
Generating call graph for function iavf_notify_client_close
Generating caller graph for function iavf_notify_client_close
Generating call graph for function iavf_notify_client_l2_params
Generating caller graph for function iavf_notify_client_l2_params
Generating caller graph for function iavf_notify_client_message
Generating caller graph for function iavf_notify_client_open
Generating call graph for function iavf_register_client
Generating call graph for function iavf_unregister_client
Generating caller graph for function LIST_HEAD
Generating docs for file iavf_client.h...
Generating call graph for function iavf_register_client
Generating call graph for function iavf_unregister_client
Generating docs for file iavf_common.c...
Generating call graph for function iavf_aq_clear_all_wol_filters
Generating call graph for function iavf_aq_get_rss_key
Generating call graph for function iavf_aq_get_rss_lut
Generating call graph for function iavf_aq_get_set_rss_key
Generating caller graph for function iavf_aq_get_set_rss_key
Generating call graph for function iavf_aq_get_set_rss_lut
Generating caller graph for function iavf_aq_get_set_rss_lut
Generating call graph for function iavf_aq_queue_shutdown
Generating caller graph for function iavf_aq_queue_shutdown
Generating call graph for function iavf_aq_send_msg_to_pf
Generating caller graph for function iavf_aq_send_msg_to_pf
Generating call graph for function iavf_aq_set_rss_key
Generating caller graph for function iavf_aq_set_rss_key
Generating call graph for function iavf_aq_set_rss_lut
Generating caller graph for function iavf_aq_set_rss_lut
Generating caller graph for function iavf_aq_str
Generating caller graph for function iavf_check_asq_alive
Generating caller graph for function iavf_debug_aq
Generating caller graph for function iavf_set_mac_type
Generating caller graph for function iavf_stat_str
Generating caller graph for function iavf_vf_parse_hw_config
Generating call graph for function iavf_vf_reset
Generating docs for file iavf_devids.h...
Generating docs for file iavf_ethtool.c...
Generating docs for file iavf_ethtool_stats.h...
Generating call graph for function __iavf_add_ethtool_stats
Generating caller graph for function iavf_add_one_ethtool_stat
Generating call graph for function iavf_add_queue_stats
Generating docs for file iavf_helper.h...
Generating caller graph for function iavf_destroy_spinlock_d
Generating caller graph for function iavf_init_spinlock_d
Generating docs for file iavf_main.c...
Generating caller graph for function iavf_acquire_msix_vectors
Generating call graph for function iavf_add_filter
Generating caller graph for function iavf_add_filter
Generating call graph for function iavf_add_vlan
Generating caller graph for function iavf_add_vlan
Generating call graph for function iavf_addr_sync
Generating caller graph for function iavf_addr_sync
Generating call graph for function iavf_addr_unsync
Generating caller graph for function iavf_addr_unsync
Generating call graph for function iavf_adminq_task
Generating caller graph for function iavf_adminq_task
Generating call graph for function iavf_alloc_q_vectors
Generating caller graph for function iavf_alloc_q_vectors
Generating call graph for function iavf_alloc_queues
Generating caller graph for function iavf_alloc_queues
Generating call graph for function iavf_change_mtu
Generating caller graph for function iavf_check_reset_complete
Generating call graph for function iavf_client_task
Generating caller graph for function iavf_client_task
Generating call graph for function iavf_close
Generating caller graph for function iavf_close
Generating call graph for function iavf_config_rss
Generating caller graph for function iavf_config_rss
Generating call graph for function iavf_config_rss_aq
Generating caller graph for function iavf_config_rss_aq
Generating caller graph for function iavf_config_rss_reg
Generating call graph for function iavf_configure
Generating caller graph for function iavf_configure
Generating call graph for function iavf_configure_rx
Generating caller graph for function iavf_configure_rx
Generating caller graph for function iavf_configure_tx
Generating call graph for function iavf_del_vlan
Generating caller graph for function iavf_del_vlan
Generating call graph for function iavf_disable_vf
Generating caller graph for function iavf_disable_vf
Generating call graph for function iavf_down
Generating caller graph for function iavf_down
Generating caller graph for function iavf_fill_rss_lut
Generating caller graph for function iavf_find_filter
Generating caller graph for function iavf_find_vlan
Generating call graph for function iavf_free_all_rx_resources
Generating caller graph for function iavf_free_all_rx_resources
Generating call graph for function iavf_free_all_tx_resources
Generating caller graph for function iavf_free_all_tx_resources
Generating caller graph for function iavf_free_misc_irq
Generating caller graph for function iavf_free_q_vectors
Generating caller graph for function iavf_free_queues
Generating caller graph for function iavf_free_rss
Generating caller graph for function iavf_free_traffic_irqs
Generating call graph for function iavf_handle_reset
Generating caller graph for function iavf_handle_reset
Generating call graph for function iavf_init_get_resources
Generating caller graph for function iavf_init_get_resources
Generating call graph for function iavf_init_interrupt_scheme
Generating caller graph for function iavf_init_interrupt_scheme
Generating call graph for function iavf_init_rss
Generating caller graph for function iavf_init_rss
Generating call graph for function iavf_init_version_check
Generating caller graph for function iavf_init_version_check
Generating caller graph for function iavf_irq_affinity_notify
Generating caller graph for function iavf_irq_affinity_release
Generating caller graph for function iavf_irq_disable
Generating call graph for function iavf_irq_enable
Generating caller graph for function iavf_irq_enable
Generating caller graph for function iavf_irq_enable_queues
Generating call graph for function iavf_map_rings_to_vectors
Generating caller graph for function iavf_map_rings_to_vectors
Generating caller graph for function iavf_map_vector_to_rxq
Generating caller graph for function iavf_map_vector_to_txq
Generating caller graph for function iavf_misc_irq_disable
Generating caller graph for function iavf_misc_irq_enable
Generating caller graph for function iavf_msix_aq
Generating caller graph for function iavf_msix_clean_rings
Generating caller graph for function iavf_napi_disable_all
Generating caller graph for function iavf_napi_enable_all
Generating call graph for function iavf_open
Generating call graph for function iavf_probe
Generating call graph for function iavf_process_aq_command
Generating caller graph for function iavf_process_aq_command
Generating call graph for function iavf_process_config
Generating caller graph for function iavf_process_config
Generating call graph for function iavf_reinit_interrupt_scheme
Generating caller graph for function iavf_reinit_interrupt_scheme
Generating call graph for function iavf_remove
Generating call graph for function iavf_request_misc_irq
Generating caller graph for function iavf_request_misc_irq
Generating call graph for function iavf_request_traffic_irqs
Generating caller graph for function iavf_request_traffic_irqs
Generating caller graph for function iavf_reset_interrupt_capability
Generating call graph for function iavf_restore_filters
Generating caller graph for function iavf_restore_filters
Generating caller graph for function iavf_schedule_reset
Generating call graph for function iavf_send_reset_request
Generating caller graph for function iavf_send_reset_request
Generating call graph for function iavf_set_interrupt_capability
Generating caller graph for function iavf_set_interrupt_capability
Generating call graph for function iavf_set_mac
Generating call graph for function iavf_set_rx_mode
Generating caller graph for function iavf_set_rx_mode
Generating call graph for function iavf_setup_all_rx_resources
Generating caller graph for function iavf_setup_all_rx_resources
Generating call graph for function iavf_setup_all_tx_resources
Generating caller graph for function iavf_setup_all_tx_resources
Generating call graph for function iavf_shutdown
Generating call graph for function iavf_startup
Generating caller graph for function iavf_startup
Generating call graph for function iavf_tx_timeout
Generating call graph for function iavf_up_complete
Generating caller graph for function iavf_up_complete
Generating call graph for function iavf_vlan_rx_add_vid
Generating call graph for function iavf_vlan_rx_kill_vid
Generating call graph for function iavf_watchdog_task
Generating caller graph for function iavf_watchdog_task
Generating docs for file iavf_osdep.h...
Generating docs for file iavf_prototype.h...
Generating caller graph for function decode_rx_desc_ptype
Generating caller graph for function iavf_acquire_spinlock
Generating call graph for function iavf_aq_clear_all_wol_filters
Generating call graph for function iavf_aq_get_rss_key
Generating call graph for function iavf_aq_get_rss_lut
Generating call graph for function iavf_aq_queue_shutdown
Generating caller graph for function iavf_aq_queue_shutdown
Generating call graph for function iavf_aq_send_msg_to_pf
Generating caller graph for function iavf_aq_send_msg_to_pf
Generating call graph for function iavf_aq_set_rss_key
Generating caller graph for function iavf_aq_set_rss_key
Generating call graph for function iavf_aq_set_rss_lut
Generating caller graph for function iavf_aq_set_rss_lut
Generating caller graph for function iavf_aq_str
Generating caller graph for function iavf_asq_done
Generating call graph for function iavf_asq_send_command
Generating caller graph for function iavf_asq_send_command
Generating caller graph for function iavf_check_asq_alive
Generating call graph for function iavf_clean_arq_element
Generating caller graph for function iavf_clean_arq_element
Generating caller graph for function iavf_debug_aq
Generating caller graph for function iavf_destroy_spinlock
Generating call graph for function iavf_init_adminq
Generating caller graph for function iavf_init_adminq
Generating caller graph for function iavf_init_spinlock
Generating caller graph for function iavf_release_spinlock
Generating caller graph for function iavf_set_mac_type
Generating call graph for function iavf_shutdown_adminq
Generating caller graph for function iavf_shutdown_adminq
Generating caller graph for function iavf_stat_str
Generating caller graph for function iavf_vf_parse_hw_config
Generating call graph for function iavf_vf_reset
Generating docs for file iavf_register.h...
Generating docs for file iavf_status.h...
Generating docs for file iavf_trace.h...
Generating docs for file iavf_txrx.c...
Generating caller graph for function __iavf_chk_linearize
Generating caller graph for function __iavf_maybe_stop_tx
Generating caller graph for function build_ctob
Generating call graph for function iavf_add_rx_frag
Generating caller graph for function iavf_add_rx_frag
Generating call graph for function iavf_alloc_mapped_page
Generating caller graph for function iavf_alloc_mapped_page
Generating call graph for function iavf_alloc_rx_buffers
Generating caller graph for function iavf_alloc_rx_buffers
Generating caller graph for function iavf_build_skb
Generating caller graph for function iavf_buildreg_itr
Generating call graph for function iavf_can_reuse_rx_page
Generating caller graph for function iavf_can_reuse_rx_page
Generating call graph for function iavf_clean_rx_irq
Generating caller graph for function iavf_clean_rx_irq
Generating caller graph for function iavf_clean_rx_ring
Generating call graph for function iavf_clean_tx_irq
Generating caller graph for function iavf_clean_tx_irq
Generating call graph for function iavf_clean_tx_ring
Generating caller graph for function iavf_clean_tx_ring
Generating call graph for function iavf_cleanup_headers
Generating caller graph for function iavf_cleanup_headers
Generating caller graph for function iavf_construct_skb
Generating caller graph for function iavf_container_is_rx
Generating caller graph for function iavf_create_tx_ctx
Generating call graph for function iavf_detect_recover_hung
Generating caller graph for function iavf_detect_recover_hung
Generating caller graph for function iavf_enable_wb_on_itr
Generating caller graph for function iavf_force_wb
Generating call graph for function iavf_free_rx_resources
Generating caller graph for function iavf_free_rx_resources
Generating call graph for function iavf_free_tx_resources
Generating caller graph for function iavf_free_tx_resources
Generating caller graph for function iavf_get_rx_buffer
Generating caller graph for function iavf_get_tx_pending
Generating call graph for function iavf_is_non_eop
Generating caller graph for function iavf_is_non_eop
Generating caller graph for function iavf_itr_divisor
Generating call graph for function iavf_lan_xmit_frame
Generating call graph for function iavf_napi_poll
Generating caller graph for function iavf_napi_poll
Generating caller graph for function iavf_page_is_reusable
Generating call graph for function iavf_process_skb_fields
Generating caller graph for function iavf_process_skb_fields
Generating call graph for function iavf_ptype_to_htype
Generating caller graph for function iavf_ptype_to_htype
Generating call graph for function iavf_put_rx_buffer
Generating caller graph for function iavf_put_rx_buffer
Generating caller graph for function iavf_receive_skb
Generating caller graph for function iavf_release_rx_desc
Generating caller graph for function iavf_reuse_rx_page
Generating caller graph for function iavf_run_xdp
Generating call graph for function iavf_rx_buffer_flip
Generating caller graph for function iavf_rx_buffer_flip
Generating call graph for function iavf_rx_checksum
Generating caller graph for function iavf_rx_checksum
Generating call graph for function iavf_rx_hash
Generating caller graph for function iavf_rx_hash
Generating call graph for function iavf_rx_offset
Generating caller graph for function iavf_rx_offset
Generating caller graph for function iavf_setup_rx_descriptors
Generating caller graph for function iavf_setup_tx_descriptors
Generating caller graph for function iavf_tso
Generating caller graph for function iavf_tx_enable_csum
Generating call graph for function iavf_tx_map
Generating caller graph for function iavf_tx_map
Generating caller graph for function iavf_tx_prepare_vlan_flags
Generating caller graph for function iavf_unmap_and_free_tx_resource
Generating call graph for function iavf_update_enable_itr
Generating caller graph for function iavf_update_enable_itr
Generating call graph for function iavf_update_itr
Generating caller graph for function iavf_update_itr
Generating caller graph for function iavf_xdp_ring_update_tail
Generating call graph for function iavf_xmit_frame_ring
Generating caller graph for function iavf_xmit_frame_ring
Generating docs for file iavf_txrx.h...
Generating caller graph for function __iavf_chk_linearize
Generating caller graph for function __iavf_maybe_stop_tx
Generating caller graph for function clear_ring_build_skb_enabled
Generating call graph for function iavf_alloc_rx_buffers
Generating caller graph for function iavf_alloc_rx_buffers
Generating call graph for function iavf_chk_linearize
Generating caller graph for function iavf_chk_linearize
Generating caller graph for function iavf_clean_rx_ring
Generating call graph for function iavf_clean_tx_ring
Generating caller graph for function iavf_clean_tx_ring
Generating caller graph for function iavf_compute_pad
Generating call graph for function iavf_detect_recover_hung
Generating caller graph for function iavf_detect_recover_hung
Generating caller graph for function iavf_force_wb
Generating call graph for function iavf_free_rx_resources
Generating caller graph for function iavf_free_rx_resources
Generating call graph for function iavf_free_tx_resources
Generating caller graph for function iavf_free_tx_resources
Generating caller graph for function iavf_get_tx_pending
Generating call graph for function iavf_lan_xmit_frame
Generating call graph for function iavf_maybe_stop_tx
Generating caller graph for function iavf_maybe_stop_tx
Generating call graph for function iavf_napi_poll
Generating caller graph for function iavf_napi_poll
Generating caller graph for function iavf_rx_pg_order
Generating caller graph for function iavf_setup_rx_descriptors
Generating caller graph for function iavf_setup_tx_descriptors
Generating call graph for function iavf_skb_pad
Generating caller graph for function iavf_test_staterr
Generating caller graph for function iavf_txd_use_count
Generating call graph for function iavf_xmit_descriptor_count
Generating caller graph for function iavf_xmit_descriptor_count
Generating caller graph for function ring_is_xdp
Generating caller graph for function ring_uses_build_skb
Generating caller graph for function set_ring_build_skb_enabled
Generating caller graph for function txring_txq
Generating docs for file iavf_type.h...
Generating docs for file iavf_virtchnl.c...
Generating call graph for function iavf_add_cloud_filter
Generating caller graph for function iavf_add_cloud_filter
Generating call graph for function iavf_add_ether_addrs
Generating caller graph for function iavf_add_ether_addrs
Generating call graph for function iavf_add_vlans
Generating caller graph for function iavf_add_vlans
Generating call graph for function iavf_configure_queues
Generating caller graph for function iavf_configure_queues
Generating call graph for function iavf_del_cloud_filter
Generating caller graph for function iavf_del_cloud_filter
Generating call graph for function iavf_del_ether_addrs
Generating caller graph for function iavf_del_ether_addrs
Generating call graph for function iavf_del_vlans
Generating caller graph for function iavf_del_vlans
Generating call graph for function iavf_disable_channels
Generating caller graph for function iavf_disable_channels
Generating call graph for function iavf_disable_queues
Generating caller graph for function iavf_disable_queues
Generating call graph for function iavf_disable_vlan_stripping
Generating caller graph for function iavf_disable_vlan_stripping
Generating call graph for function iavf_enable_channels
Generating caller graph for function iavf_enable_channels
Generating call graph for function iavf_enable_queues
Generating caller graph for function iavf_enable_queues
Generating call graph for function iavf_enable_vlan_stripping
Generating caller graph for function iavf_enable_vlan_stripping
Generating call graph for function iavf_get_hena
Generating caller graph for function iavf_get_hena
Generating call graph for function iavf_get_vf_config
Generating caller graph for function iavf_get_vf_config
Generating caller graph for function iavf_get_vpe_link_status
Generating caller graph for function iavf_mac_add_ok
Generating caller graph for function iavf_mac_add_reject
Generating call graph for function iavf_map_queues
Generating caller graph for function iavf_map_queues
Generating caller graph for function iavf_print_cloud_filter
Generating caller graph for function iavf_print_link_message
Generating call graph for function iavf_request_queues
Generating call graph for function iavf_request_reset
Generating caller graph for function iavf_request_reset
Generating call graph for function iavf_request_stats
Generating caller graph for function iavf_request_stats
Generating call graph for function iavf_send_api_ver
Generating caller graph for function iavf_send_api_ver
Generating call graph for function iavf_send_pf_msg
Generating caller graph for function iavf_send_pf_msg
Generating call graph for function iavf_send_vf_config_msg
Generating caller graph for function iavf_send_vf_config_msg
Generating caller graph for function iavf_set_adapter_link_speed_from_vpe
Generating call graph for function iavf_set_hena
Generating caller graph for function iavf_set_hena
Generating call graph for function iavf_set_promiscuous
Generating caller graph for function iavf_set_promiscuous
Generating call graph for function iavf_set_rss_key
Generating caller graph for function iavf_set_rss_key
Generating call graph for function iavf_set_rss_lut
Generating caller graph for function iavf_set_rss_lut
Generating caller graph for function iavf_validate_num_queues
Generating call graph for function iavf_verify_api_ver
Generating caller graph for function iavf_verify_api_ver
Generating call graph for function iavf_virtchnl_completion
Generating caller graph for function iavf_virtchnl_completion
Generating docs for file kcompat.c...
Generating docs for file kcompat.h...
Generating caller graph for function pci_dev_to_dev
Generating docs for file kcompat_overflow.h...
Generating docs for file kcompat_vfd.c...
Generating caller graph for function __get_pdev_and_vfid
Generating caller graph for function __get_pf_pdev
Generating caller graph for function __parse_add_rem_bitmap
Generating caller graph for function __parse_bool_data
Generating caller graph for function __parse_egress_ingress_input
Generating caller graph for function __parse_promisc_input
Generating call graph for function create_vfd_sysfs
Generating caller graph for function create_vfs_sysfs
Generating call graph for function pf_egress_mirror_show
Generating call graph for function pf_egress_mirror_store
Generating call graph for function pf_ingress_mirror_show
Generating call graph for function pf_ingress_mirror_store
Generating call graph for function pf_qos_apply_store
Generating call graph for function pf_tpid_show
Generating call graph for function pf_tpid_store
Generating call graph for function qos_share_show
Generating call graph for function qos_share_store
Generating call graph for function vfd_allow_untagged_show
Generating call graph for function vfd_allow_untagged_store
Generating call graph for function vfd_egress_mirror_show
Generating call graph for function vfd_egress_mirror_store
Generating call graph for function vfd_enable_show
Generating call graph for function vfd_enable_store
Generating call graph for function vfd_ingress_mirror_show
Generating call graph for function vfd_ingress_mirror_store
Generating call graph for function vfd_link_state_show
Generating call graph for function vfd_link_state_store
Generating call graph for function vfd_loopback_show
Generating call graph for function vfd_loopback_store
Generating call graph for function vfd_mac_anti_spoof_show
Generating call graph for function vfd_mac_anti_spoof_store
Generating call graph for function vfd_mac_list_show
Generating call graph for function vfd_mac_list_store
Generating call graph for function vfd_mac_show
Generating call graph for function vfd_mac_store
Generating call graph for function vfd_max_tx_rate_show
Generating call graph for function vfd_max_tx_rate_store
Generating call graph for function vfd_num_queues_show
Generating call graph for function vfd_num_queues_store
Generating call graph for function vfd_promisc_show
Generating call graph for function vfd_promisc_store
Generating call graph for function vfd_reset_stats_store
Generating call graph for function vfd_rx_bytes_show
Generating call graph for function vfd_rx_dropped_show
Generating call graph for function vfd_rx_packets_show
Generating call graph for function vfd_trunk_show
Generating call graph for function vfd_trunk_store
Generating call graph for function vfd_trust_show
Generating call graph for function vfd_trust_store
Generating call graph for function vfd_tx_bytes_show
Generating call graph for function vfd_tx_dropped_show
Generating call graph for function vfd_tx_errors_show
Generating call graph for function vfd_tx_packets_show
Generating call graph for function vfd_tx_spoofed_show
Generating call graph for function vfd_vlan_anti_spoof_show
Generating call graph for function vfd_vlan_anti_spoof_store
Generating call graph for function vfd_vlan_mirror_show
Generating call graph for function vfd_vlan_mirror_store
Generating call graph for function vfd_vlan_strip_show
Generating call graph for function vfd_vlan_strip_store
Generating docs for file kcompat_vfd.h...
Generating docs for file virtchnl.h...
Generating docs for file virtchnl_inline_ipsec.h...
Generating page documentation...
Generating docs for page page...
Generating group documentation...
Generating class documentation...
Generating docs for compound _kc_ethtool_coalesce...
Generating docs for compound _kc_ethtool_pauseparam...
Generating docs for compound _kc_ethtool_regs...
Generating docs for compound _kc_ethtool_ringparam...
Generating docs for compound _kc_vlan_ethhdr...
Generating docs for compound _kc_vlan_hdr...
Generating docs for compound ethtool_eeprom...
Generating docs for compound ethtool_gstrings...
Generating docs for compound ethtool_link_ksettings...
Generating docs for compound ethtool_stats...
Generating docs for compound ethtool_test...
Generating docs for compound ethtool_value...
Generating docs for compound ethtool_wolinfo...
Generating docs for compound iavf_16byte_rx_desc...
Generating docs for compound iavf_32byte_rx_desc...
Generating docs for compound iavf_adapter...
Generating docs for compound iavf_adminq_info...
Generating docs for compound iavf_adminq_ring...
Generating docs for compound iavf_aq_desc...
Generating docs for compound iavf_aqc_get_cee_dcb_cfg_resp...
Generating docs for compound iavf_aqc_get_cee_dcb_cfg_v1_resp...
Generating docs for compound iavf_aqc_get_set_rss_key...
Generating docs for compound iavf_aqc_get_set_rss_key_data...
Generating docs for compound iavf_aqc_get_set_rss_lut...
Generating docs for compound iavf_aqc_get_veb_parameters_completion...
Generating docs for compound iavf_aqc_lldp_set_local_mib...
Generating docs for compound iavf_aqc_lldp_set_local_mib_resp...
Generating docs for compound iavf_aqc_lldp_stop_start_specific_agent...
Generating docs for compound iavf_aqc_pf_vf_message...
Generating docs for compound iavf_aqc_queue_shutdown...
Generating docs for compound iavf_aqc_vsi_properties_data...
Generating docs for compound iavf_arq_event_info...
Generating docs for compound iavf_asq_cmd_details...
Generating docs for compound iavf_bus_info...
Generating docs for compound iavf_channel_config...
Generating docs for compound iavf_client...
Generating docs for compound iavf_client_instance...
Generating docs for compound iavf_client_ops...
Generating docs for compound iavf_client_version...
Generating docs for compound iavf_cloud_filter...
Generating docs for compound iavf_device...
Generating docs for compound iavf_dma_mem...
Generating docs for compound iavf_driver_version...
Generating docs for compound iavf_eth_stats...
Generating docs for compound iavf_hw...
Generating docs for compound iavf_hw_capabilities...
Generating docs for compound iavf_info...
Generating docs for compound iavf_lldp_variables...
Generating docs for compound iavf_mac_filter...
Generating docs for compound iavf_mac_info...
Generating docs for compound iavf_nvmupd_features...
Generating docs for compound iavf_ops...
Generating docs for compound iavf_params...
Generating docs for compound iavf_prio_qos_params...
Generating docs for compound iavf_profile_aq_section...
Generating docs for compound iavf_profile_tlv_section_record...
Generating docs for compound iavf_q_vector...
Generating docs for compound iavf_qos_params...
Generating docs for compound iavf_queue_stats...
Generating docs for compound iavf_qv_info...
Generating docs for compound iavf_qvlist_info...
Generating docs for compound iavf_ring...
Generating docs for compound iavf_ring_container...
Generating docs for compound iavf_rx_buffer...
Generating docs for compound iavf_rx_ptype_decoded...
Generating docs for compound iavf_rx_queue_stats...
Generating docs for compound iavf_spinlock...
Generating docs for compound iavf_stats...
Generating docs for compound iavf_tx_buffer...
Generating docs for compound iavf_tx_context_desc...
Generating docs for compound iavf_tx_desc...
Generating docs for compound iavf_tx_queue_stats...
Generating docs for compound iavf_virt_mem...
Generating docs for compound iavf_vlan_filter...
Generating docs for compound iavf_vsi...
Generating docs for compound k_ethtool_drvinfo...
Generating docs for compound vfd_macaddr...
Generating docs for compound vfd_objects...
Generating docs for compound vfd_ops...
Generating docs for compound virtchnl_algo_cap...
Generating docs for compound virtchnl_channel_info...
Generating docs for compound virtchnl_eth_stats...
Generating docs for compound virtchnl_ether_addr...
Generating docs for compound virtchnl_ether_addr_list...
Generating docs for compound virtchnl_filter...
Generating docs for compound virtchnl_flow_spec...
Generating docs for compound virtchnl_ipsec_cap...
Generating docs for compound virtchnl_ipsec_crypto_cfg_item...
Generating docs for compound virtchnl_ipsec_sa_cfg...
Generating docs for compound virtchnl_ipsec_sa_destroy...
Generating docs for compound virtchnl_ipsec_sa_read...
Generating docs for compound virtchnl_ipsec_sa_update...
Generating docs for compound virtchnl_ipsec_sym_crypto_cfg...
Generating docs for compound virtchnl_irq_map_info...
Generating docs for compound virtchnl_iwarp_qv_info...
Generating docs for compound virtchnl_iwarp_qvlist_info...
Generating docs for compound virtchnl_l4_spec...
Generating docs for compound virtchnl_msg...
Generating docs for compound virtchnl_pf_event...
Generating docs for compound virtchnl_promisc_info...
Generating docs for compound virtchnl_queue_pair_info...
Generating docs for compound virtchnl_queue_select...
Generating docs for compound virtchnl_rss_hena...
Generating docs for compound virtchnl_rss_key...
Generating docs for compound virtchnl_rss_lut...
Generating docs for compound virtchnl_rx_desc_fmt...
Generating docs for compound virtchnl_rxq_info...
Generating docs for compound virtchnl_sym_crypto_cap...
Generating docs for compound virtchnl_tc_info...
Generating docs for compound virtchnl_tx_desc_fmt...
Generating docs for compound virtchnl_txq_info...
Generating docs for compound virtchnl_vector_map...
Generating docs for compound virtchnl_version_info...
Generating docs for compound virtchnl_vf_res_request...
Generating docs for compound virtchnl_vf_resource...
Generating docs for compound virtchnl_vlan_filter_list...
Generating docs for compound virtchnl_vsi_queue_config_info...
Generating docs for compound virtchnl_vsi_resource...
Generating namespace index...
Generating graph info page...
Generating directory documentation...
Generating index page...
Generating page index...
Generating module index...
Generating namespace member index...
Generating annotated compound index...
Generating alphabetical compound index...
Generating hierarchical class index...
Generating graphical class hierarchy...
Generating member index...
Generating file index...
Generating file member index...
Generating example index...
finalizing index lists...
Running dot...
Generating dot graphs using 5 parallel threads...
Running dot for graph 1/628
Running dot for graph 2/628
Running dot for graph 3/628
Running dot for graph 4/628
Running dot for graph 5/628
Running dot for graph 6/628
Running dot for graph 7/628
Running dot for graph 8/628
Running dot for graph 9/628
Running dot for graph 10/628
Running dot for graph 11/628
Running dot for graph 12/628
Running dot for graph 13/628
Running dot for graph 14/628
Running dot for graph 15/628
Running dot for graph 16/628
Running dot for graph 17/628
Running dot for graph 18/628
Running dot for graph 19/628
Running dot for graph 20/628
Running dot for graph 21/628
Running dot for graph 22/628
Running dot for graph 23/628
Running dot for graph 24/628
Running dot for graph 25/628
Running dot for graph 26/628
Running dot for graph 27/628
Running dot for graph 28/628
Running dot for graph 29/628
Running dot for graph 30/628
Running dot for graph 31/628
Running dot for graph 32/628
Running dot for graph 33/628
Running dot for graph 34/628
Running dot for graph 35/628
Running dot for graph 36/628
Running dot for graph 37/628
Running dot for graph 38/628
Running dot for graph 39/628
Running dot for graph 40/628
Running dot for graph 41/628
Running dot for graph 42/628
Running dot for graph 43/628
Running dot for graph 44/628
Running dot for graph 45/628
Running dot for graph 46/628
Running dot for graph 47/628
Running dot for graph 48/628
Running dot for graph 49/628
Running dot for graph 50/628
Running dot for graph 51/628
Running dot for graph 52/628
Running dot for graph 53/628
Running dot for graph 54/628
Running dot for graph 55/628
Running dot for graph 56/628
Running dot for graph 57/628
Running dot for graph 58/628
Running dot for graph 59/628
Running dot for graph 60/628
Running dot for graph 61/628
Running dot for graph 62/628
Running dot for graph 63/628
Running dot for graph 64/628
Running dot for graph 65/628
Running dot for graph 66/628
Running dot for graph 67/628
Running dot for graph 68/628
Running dot for graph 69/628
Running dot for graph 70/628
Running dot for graph 71/628
Running dot for graph 72/628
Running dot for graph 73/628
Running dot for graph 74/628
Running dot for graph 75/628
Running dot for graph 76/628
Running dot for graph 77/628
Running dot for graph 78/628
Running dot for graph 79/628
Running dot for graph 80/628
Running dot for graph 81/628
Running dot for graph 82/628
Running dot for graph 83/628
Running dot for graph 84/628
Running dot for graph 85/628
Running dot for graph 86/628
Running dot for graph 87/628
Running dot for graph 88/628
Running dot for graph 89/628
Running dot for graph 90/628
Running dot for graph 91/628
Running dot for graph 92/628
Running dot for graph 93/628
Running dot for graph 94/628
Running dot for graph 95/628
Running dot for graph 96/628
Running dot for graph 97/628
Running dot for graph 98/628
Running dot for graph 99/628
Running dot for graph 100/628
Running dot for graph 101/628
Running dot for graph 102/628
Running dot for graph 103/628
Running dot for graph 104/628
Running dot for graph 105/628
Running dot for graph 106/628
Running dot for graph 107/628
Running dot for graph 108/628
Running dot for graph 109/628
Running dot for graph 110/628
Running dot for graph 111/628
Running dot for graph 112/628
Running dot for graph 113/628
Running dot for graph 114/628
Running dot for graph 115/628
Running dot for graph 116/628
Running dot for graph 117/628
Running dot for graph 118/628
Running dot for graph 119/628
Running dot for graph 120/628
Running dot for graph 121/628
Running dot for graph 122/628
Running dot for graph 123/628
Running dot for graph 124/628
Running dot for graph 125/628
Running dot for graph 126/628
Running dot for graph 127/628
Running dot for graph 128/628
Running dot for graph 129/628
Running dot for graph 130/628
Running dot for graph 131/628
Running dot for graph 132/628
Running dot for graph 133/628
Running dot for graph 134/628
Running dot for graph 135/628
Running dot for graph 136/628
Running dot for graph 137/628
Running dot for graph 138/628
Running dot for graph 139/628
Running dot for graph 140/628
Running dot for graph 141/628
Running dot for graph 142/628
Running dot for graph 143/628
Running dot for graph 144/628
Running dot for graph 145/628
Running dot for graph 146/628
Running dot for graph 147/628
Running dot for graph 148/628
Running dot for graph 149/628
Running dot for graph 150/628
Running dot for graph 151/628
Running dot for graph 152/628
Running dot for graph 153/628
Running dot for graph 154/628
Running dot for graph 155/628
Running dot for graph 156/628
Running dot for graph 157/628
Running dot for graph 158/628
Running dot for graph 159/628
Running dot for graph 160/628
Running dot for graph 161/628
Running dot for graph 162/628
Running dot for graph 163/628
Running dot for graph 164/628
Running dot for graph 165/628
Running dot for graph 166/628
Running dot for graph 167/628
Running dot for graph 168/628
Running dot for graph 169/628
Running dot for graph 170/628
Running dot for graph 171/628
Running dot for graph 172/628
Running dot for graph 173/628
Running dot for graph 174/628
Running dot for graph 175/628
Running dot for graph 176/628
Running dot for graph 177/628
Running dot for graph 178/628
Running dot for graph 179/628
Running dot for graph 180/628
Running dot for graph 181/628
Running dot for graph 182/628
Running dot for graph 183/628
Running dot for graph 184/628
Running dot for graph 185/628
Running dot for graph 186/628
Running dot for graph 187/628
Running dot for graph 188/628
Running dot for graph 189/628
Running dot for graph 190/628
Running dot for graph 191/628
Running dot for graph 192/628
Running dot for graph 193/628
Running dot for graph 194/628
Running dot for graph 195/628
Running dot for graph 196/628
Running dot for graph 197/628
Running dot for graph 198/628
Running dot for graph 199/628
Running dot for graph 200/628
Running dot for graph 201/628
Running dot for graph 202/628
Running dot for graph 203/628
Running dot for graph 204/628
Running dot for graph 205/628
Running dot for graph 206/628
Running dot for graph 207/628
Running dot for graph 208/628
Running dot for graph 209/628
Running dot for graph 210/628
Running dot for graph 211/628
Running dot for graph 212/628
Running dot for graph 213/628
Running dot for graph 214/628
Running dot for graph 215/628
Running dot for graph 216/628
Running dot for graph 217/628
Running dot for graph 218/628
Running dot for graph 219/628
Running dot for graph 220/628
Running dot for graph 221/628
Running dot for graph 222/628
Running dot for graph 223/628
Running dot for graph 224/628
Running dot for graph 225/628
Running dot for graph 226/628
Running dot for graph 227/628
Running dot for graph 228/628
Running dot for graph 229/628
Running dot for graph 230/628
Running dot for graph 231/628
Running dot for graph 232/628
Running dot for graph 233/628
Running dot for graph 234/628
Running dot for graph 235/628
Running dot for graph 236/628
Running dot for graph 237/628
Running dot for graph 238/628
Running dot for graph 239/628
Running dot for graph 240/628
Running dot for graph 241/628
Running dot for graph 242/628
Running dot for graph 243/628
Running dot for graph 244/628
Running dot for graph 245/628
Running dot for graph 246/628
Running dot for graph 247/628
Running dot for graph 248/628
Running dot for graph 249/628
Running dot for graph 250/628
Running dot for graph 251/628
Running dot for graph 252/628
Running dot for graph 253/628
Running dot for graph 254/628
Running dot for graph 255/628
Running dot for graph 256/628
Running dot for graph 257/628
Running dot for graph 258/628
Running dot for graph 259/628
Running dot for graph 260/628
Running dot for graph 261/628
Running dot for graph 262/628
Running dot for graph 263/628
Running dot for graph 264/628
Running dot for graph 265/628
Running dot for graph 266/628
Running dot for graph 267/628
Running dot for graph 268/628
Running dot for graph 269/628
Running dot for graph 270/628
Running dot for graph 271/628
Running dot for graph 272/628
Running dot for graph 273/628
Running dot for graph 274/628
Running dot for graph 275/628
Running dot for graph 276/628
Running dot for graph 277/628
Running dot for graph 278/628
Running dot for graph 279/628
Running dot for graph 280/628
Running dot for graph 281/628
Running dot for graph 282/628
Running dot for graph 283/628
Running dot for graph 284/628
Running dot for graph 285/628
Running dot for graph 286/628
Running dot for graph 287/628
Running dot for graph 288/628
Running dot for graph 289/628
Running dot for graph 290/628
Running dot for graph 291/628
Running dot for graph 292/628
Running dot for graph 293/628
Running dot for graph 294/628
Running dot for graph 295/628
Running dot for graph 296/628
Running dot for graph 297/628
Running dot for graph 298/628
Running dot for graph 299/628
Running dot for graph 300/628
Running dot for graph 301/628
Running dot for graph 302/628
Running dot for graph 303/628
Running dot for graph 304/628
Running dot for graph 305/628
Running dot for graph 306/628
Running dot for graph 307/628
Running dot for graph 308/628
Running dot for graph 309/628
Running dot for graph 310/628
Running dot for graph 311/628
Running dot for graph 312/628
Running dot for graph 313/628
Running dot for graph 314/628
Running dot for graph 315/628
Running dot for graph 316/628
Running dot for graph 317/628
Running dot for graph 318/628
Running dot for graph 319/628
Running dot for graph 320/628
Running dot for graph 321/628
Running dot for graph 322/628
Running dot for graph 323/628
Running dot for graph 324/628
Running dot for graph 325/628
Running dot for graph 326/628
Running dot for graph 327/628
Running dot for graph 328/628
Running dot for graph 329/628
Running dot for graph 330/628
Running dot for graph 331/628
Running dot for graph 332/628
Running dot for graph 333/628
Running dot for graph 334/628
Running dot for graph 335/628
Running dot for graph 336/628
Running dot for graph 337/628
Running dot for graph 338/628
Running dot for graph 339/628
Running dot for graph 340/628
Running dot for graph 341/628
Running dot for graph 342/628
Running dot for graph 343/628
Running dot for graph 344/628
Running dot for graph 345/628
Running dot for graph 346/628
Running dot for graph 347/628
Running dot for graph 348/628
Running dot for graph 349/628
Running dot for graph 350/628
Running dot for graph 351/628
Running dot for graph 352/628
Running dot for graph 353/628
Running dot for graph 354/628
Running dot for graph 355/628
Running dot for graph 356/628
Running dot for graph 357/628
Running dot for graph 358/628
Running dot for graph 359/628
Running dot for graph 360/628
Running dot for graph 361/628
Running dot for graph 362/628
Running dot for graph 363/628
Running dot for graph 364/628
Running dot for graph 365/628
Running dot for graph 366/628
Running dot for graph 367/628
Running dot for graph 368/628
Running dot for graph 369/628
Running dot for graph 370/628
Running dot for graph 371/628
Running dot for graph 372/628
Running dot for graph 373/628
Running dot for graph 374/628
Running dot for graph 375/628
Running dot for graph 376/628
Running dot for graph 377/628
Running dot for graph 378/628
Running dot for graph 379/628
Running dot for graph 380/628
Running dot for graph 381/628
Running dot for graph 382/628
Running dot for graph 383/628
Running dot for graph 384/628
Running dot for graph 385/628
Running dot for graph 386/628
Running dot for graph 387/628
Running dot for graph 388/628
Running dot for graph 389/628
Running dot for graph 390/628
Running dot for graph 391/628
Running dot for graph 392/628
Running dot for graph 393/628
Running dot for graph 394/628
Running dot for graph 395/628
Running dot for graph 396/628
Running dot for graph 397/628
Running dot for graph 398/628
Running dot for graph 399/628
Running dot for graph 400/628
Running dot for graph 401/628
Running dot for graph 402/628
Running dot for graph 403/628
Running dot for graph 404/628
Running dot for graph 405/628
Running dot for graph 406/628
Running dot for graph 407/628
Running dot for graph 408/628
Running dot for graph 409/628
Running dot for graph 410/628
Running dot for graph 411/628
Running dot for graph 412/628
Running dot for graph 413/628
Running dot for graph 414/628
Running dot for graph 415/628
Running dot for graph 416/628
Running dot for graph 417/628
Running dot for graph 418/628
Running dot for graph 419/628
Running dot for graph 420/628
Running dot for graph 421/628
Running dot for graph 422/628
Running dot for graph 423/628
Running dot for graph 424/628
Running dot for graph 425/628
Running dot for graph 426/628
Running dot for graph 427/628
Running dot for graph 428/628
Running dot for graph 429/628
Running dot for graph 430/628
Running dot for graph 431/628
Running dot for graph 432/628
Running dot for graph 433/628
Running dot for graph 434/628
Running dot for graph 435/628
Running dot for graph 436/628
Running dot for graph 437/628
Running dot for graph 438/628
Running dot for graph 439/628
Running dot for graph 440/628
Running dot for graph 441/628
Running dot for graph 442/628
Running dot for graph 443/628
Running dot for graph 444/628
Running dot for graph 445/628
Running dot for graph 446/628
Running dot for graph 447/628
Running dot for graph 448/628
Running dot for graph 449/628
Running dot for graph 450/628
Running dot for graph 451/628
Running dot for graph 452/628
Running dot for graph 453/628
Running dot for graph 454/628
Running dot for graph 455/628
Running dot for graph 456/628
Running dot for graph 457/628
Running dot for graph 458/628
Running dot for graph 459/628
Running dot for graph 460/628
Running dot for graph 461/628
Running dot for graph 462/628
Running dot for graph 463/628
Running dot for graph 464/628
Running dot for graph 465/628
Running dot for graph 466/628
Running dot for graph 467/628
Running dot for graph 468/628
Running dot for graph 469/628
Running dot for graph 470/628
Running dot for graph 471/628
Running dot for graph 472/628
Running dot for graph 473/628
Running dot for graph 474/628
Running dot for graph 475/628
Running dot for graph 476/628
Running dot for graph 477/628
Running dot for graph 478/628
Running dot for graph 479/628
Running dot for graph 480/628
Running dot for graph 481/628
Running dot for graph 482/628
Running dot for graph 483/628
Running dot for graph 484/628
Running dot for graph 485/628
Running dot for graph 486/628
Running dot for graph 487/628
Running dot for graph 488/628
Running dot for graph 489/628
Running dot for graph 490/628
Running dot for graph 491/628
Running dot for graph 492/628
Running dot for graph 493/628
Running dot for graph 494/628
Running dot for graph 495/628
Running dot for graph 496/628
Running dot for graph 497/628
Running dot for graph 498/628
Running dot for graph 499/628
Running dot for graph 500/628
Running dot for graph 501/628
Running dot for graph 502/628
Running dot for graph 503/628
Running dot for graph 504/628
Running dot for graph 505/628
Running dot for graph 506/628
Running dot for graph 507/628
Running dot for graph 508/628
Running dot for graph 509/628
Running dot for graph 510/628
Running dot for graph 511/628
Running dot for graph 512/628
Running dot for graph 513/628
Running dot for graph 514/628
Running dot for graph 515/628
Running dot for graph 516/628
Running dot for graph 517/628
Running dot for graph 518/628
Running dot for graph 519/628
Running dot for graph 520/628
Running dot for graph 521/628
Running dot for graph 522/628
Running dot for graph 523/628
Running dot for graph 524/628
Running dot for graph 525/628
Running dot for graph 526/628
Running dot for graph 527/628
Running dot for graph 528/628
Running dot for graph 529/628
Running dot for graph 530/628
Running dot for graph 531/628
Running dot for graph 532/628
Running dot for graph 533/628
Running dot for graph 534/628
Running dot for graph 535/628
Running dot for graph 536/628
Running dot for graph 537/628
Running dot for graph 538/628
Running dot for graph 539/628
Running dot for graph 540/628
Running dot for graph 541/628
Running dot for graph 542/628
Running dot for graph 543/628
Running dot for graph 544/628
Running dot for graph 545/628
Running dot for graph 546/628
Running dot for graph 547/628
Running dot for graph 548/628
Running dot for graph 549/628
Running dot for graph 550/628
Running dot for graph 551/628
Running dot for graph 552/628
Running dot for graph 553/628
Running dot for graph 554/628
Running dot for graph 555/628
Running dot for graph 556/628
Running dot for graph 557/628
Running dot for graph 558/628
Running dot for graph 559/628
Running dot for graph 560/628
Running dot for graph 561/628
Running dot for graph 562/628
Running dot for graph 563/628
Running dot for graph 564/628
Running dot for graph 565/628
Running dot for graph 566/628
Running dot for graph 567/628
Running dot for graph 568/628
Running dot for graph 569/628
Running dot for graph 570/628
Running dot for graph 571/628
Running dot for graph 572/628
Running dot for graph 573/628
Running dot for graph 574/628
Running dot for graph 575/628
Running dot for graph 576/628
Running dot for graph 577/628
Running dot for graph 578/628
Running dot for graph 579/628
Running dot for graph 580/628
Running dot for graph 581/628
Running dot for graph 582/628
Running dot for graph 583/628
Running dot for graph 584/628
Running dot for graph 585/628
Running dot for graph 586/628
Running dot for graph 587/628
Running dot for graph 588/628
Running dot for graph 589/628
Running dot for graph 590/628
Running dot for graph 591/628
Running dot for graph 592/628
Running dot for graph 593/628
Running dot for graph 594/628
Running dot for graph 595/628
Running dot for graph 596/628
Running dot for graph 597/628
Running dot for graph 598/628
Running dot for graph 599/628
Running dot for graph 600/628
Running dot for graph 601/628
Running dot for graph 602/628
Running dot for graph 603/628
Running dot for graph 604/628
Running dot for graph 605/628
Running dot for graph 606/628
Running dot for graph 607/628
Running dot for graph 608/628
Running dot for graph 609/628
Running dot for graph 610/628
Running dot for graph 611/628
Running dot for graph 612/628
Running dot for graph 613/628
Running dot for graph 614/628
Running dot for graph 615/628
Running dot for graph 616/628
Running dot for graph 617/628
Running dot for graph 618/628
Running dot for graph 619/628
Running dot for graph 620/628
Running dot for graph 621/628
Running dot for graph 622/628
Running dot for graph 623/628
Running dot for graph 624/628
Running dot for graph 625/628
Running dot for graph 626/628
Running dot for graph 627/628
Running dot for graph 628/628
Patching output file 1/62
Patching output file 2/62
Patching output file 3/62
Patching output file 4/62
Patching output file 5/62
Patching output file 6/62
Patching output file 7/62
Patching output file 8/62
Patching output file 9/62
Patching output file 10/62
Patching output file 11/62
Patching output file 12/62
Patching output file 13/62
Patching output file 14/62
Patching output file 15/62
Patching output file 16/62
Patching output file 17/62
Patching output file 18/62
Patching output file 19/62
Patching output file 20/62
Patching output file 21/62
Patching output file 22/62
Patching output file 23/62
Patching output file 24/62
Patching output file 25/62
Patching output file 26/62
Patching output file 27/62
Patching output file 28/62
Patching output file 29/62
Patching output file 30/62
Patching output file 31/62
Patching output file 32/62
Patching output file 33/62
Patching output file 34/62
Patching output file 35/62
Patching output file 36/62
Patching output file 37/62
Patching output file 38/62
Patching output file 39/62
Patching output file 40/62
Patching output file 41/62
Patching output file 42/62
Patching output file 43/62
Patching output file 44/62
Patching output file 45/62
Patching output file 46/62
Patching output file 47/62
Patching output file 48/62
Patching output file 49/62
Patching output file 50/62
Patching output file 51/62
Patching output file 52/62
Patching output file 53/62
Patching output file 54/62
Patching output file 55/62
Patching output file 56/62
Patching output file 57/62
Patching output file 58/62
Patching output file 59/62
Patching output file 60/62
Patching output file 61/62
Patching output file 62/62
lookup cache used 3824/33554432 hits=23120 misses=3891
finished...
